C:\USERS\ALEX\DOCUMENTS\GITHUB\RUMINATIONSONCPP\CHAPTER1\EXERCISE1_2\DEBUG\EXERCISE1_2.PCH
C:\USERS\ALEX\DOCUMENTS\GITHUB\RUMINATIONSONCPP\CHAPTER1\EXERCISE1_2\DEBUG\STDAFX.OBJ
C:\USERS\ALEX\DOCUMENTS\GITHUB\RUMINATIONSONCPP\CHAPTER1\EXERCISE1_2\DEBUG\VC110.PDB
C:\USERS\ALEX\DOCUMENTS\GITHUB\RUMINATIONSONCPP\CHAPTER1\EXERCISE1_2\DEBUG\EXERCISE1_2.OBJ
C:\USERS\ALEX\DOCUMENTS\GITHUB\RUMINATIONSONCPP\CHAPTER1\DEBUG\EXERCISE1_2.ILK
C:\USERS\ALEX\DOCUMENTS\GITHUB\RUMINATIONSONCPP\CHAPTER1\DEBUG\EXERCISE1_2.EXE
C:\USERS\ALEX\DOCUMENTS\GITHUB\RUMINATIONSONCPP\CHAPTER1\DEBUG\EXERCISE1_2.PDB
C:\Users\Alex\Documents\GitHub\RuminationsOnCPP\Chapter1\Exercise1_2\Debug\Exercise1_2.obj
C:\Users\Alex\Documents\GitHub\RuminationsOnCPP\Chapter1\Exercise1_2\Debug\stdafx.obj
C:\Users\Alex\Documents\GitHub\RuminationsOnCPP\Chapter1\Exercise1_2\Debug\cl.command.1.tlog
C:\Users\Alex\Documents\GitHub\RuminationsOnCPP\Chapter1\Exercise1_2\Debug\CL.read.1.tlog
C:\Users\Alex\Documents\GitHub\RuminationsOnCPP\Chapter1\Exercise1_2\Debug\CL.write.1.tlog
C:\Users\Alex\Documents\GitHub\RuminationsOnCPP\Chapter1\Exercise1_2\Debug\link-cvtres.read.1.tlog
C:\Users\Alex\Documents\GitHub\RuminationsOnCPP\Chapter1\Exercise1_2\Debug\link-cvtres.write.1.tlog
C:\Users\Alex\Documents\GitHub\RuminationsOnCPP\Chapter1\Exercise1_2\Debug\link-rc.read.1.tlog
C:\Users\Alex\Documents\GitHub\RuminationsOnCPP\Chapter1\Exercise1_2\Debug\link-rc.write.1.tlog
C:\Users\Alex\Documents\GitHub\RuminationsOnCPP\Chapter1\Exercise1_2\Debug\link.command.1.tlog
C:\Users\Alex\Documents\GitHub\RuminationsOnCPP\Chapter1\Exercise1_2\Debug\link.read.1.tlog
C:\Users\Alex\Documents\GitHub\RuminationsOnCPP\Chapter1\Exercise1_2\Debug\link.write.1.tlog
C:\Users\Alex\Documents\GitHub\RuminationsOnCPP\Chapter1\Exercise1_2\Debug\Exercise1_2.pch
C:\Users\Alex\Documents\GitHub\RuminationsOnCPP\Chapter1\Exercise1_2\Debug\vc110.idb
C:\Users\Alex\Documents\GitHub\RuminationsOnCPP\Chapter1\Exercise1_2\Debug\vc110.pdb
C:\Users\Alex\Documents\GitHub\RuminationsOnCPP\Chapter1\Debug\Exercise1_2.pdb
C:\Users\Alex\Documents\GitHub\RuminationsOnCPP\Chapter1\Debug\Exercise1_2.exe
C:\Users\Alex\Documents\GitHub\RuminationsOnCPP\Chapter1\Debug\Exercise1_2.ilk
