生成启动时间为 2015/9/13 10:17:23。
     1>项目“C:\Users\xinma\Documents\GitHub\DataStructuresAlgorithmsAndApplicationsInCpp\Chapter4\Array\Array.vcxproj”在节点 2 上(Rebuild 个目标)。
     1>ClCompile:
         C:\Program Files (x86)\Microsoft Visual Studio 14.0\VC\bin\CL.exe /c /ZI /nologo /W3 /WX- /sdl /Od /Oy- /D WIN32 /D _DEBUG /D _CONSOLE /D _UNICODE /D UNICODE /Gm /EHsc /RTC1 /MDd /GS /fp:precise /Zc:wchar_t /Zc:forScope /Zc:inline /Yc"stdafx.h" /Fp"Debug\Array.pch" /Fo"Debug\\" /Fd"Debug\vc140.pdb" /Gd /TP /analyze- /errorReport:prompt stdafx.cpp
         stdafx.cpp
         C:\Program Files (x86)\Microsoft Visual Studio 14.0\VC\bin\CL.exe /c /ZI /nologo /W3 /WX- /sdl /Od /Oy- /D WIN32 /D _DEBUG /D _CONSOLE /D _UNICODE /D UNICODE /Gm /EHsc /RTC1 /MDd /GS /fp:precise /Zc:wchar_t /Zc:forScope /Zc:inline /Yu"stdafx.h" /Fp"Debug\Array.pch" /Fo"Debug\\" /Fd"Debug\vc140.pdb" /Gd /TP /analyze- /errorReport:prompt Array.cpp Array1D.cpp Array2D.cpp xcept.cpp
         xcept.cpp
         Array2D.cpp
         Array1D.cpp
         Array.cpp
         正在生成代码...
       Link:
         C:\Program Files (x86)\Microsoft Visual Studio 14.0\VC\bin\link.exe /ERRORREPORT:PROMPT /OUT:"C:\Users\xinma\Documents\GitHub\DataStructuresAlgorithmsAndApplicationsInCpp\Chapter4\Debug\Array.exe" /INCREMENTAL /NOLOGO kernel32.lib user32.lib gdi32.lib winspool.lib comdlg32.lib advapi32.lib shell32.lib ole32.lib oleaut32.lib uuid.lib odbc32.lib odbccp32.lib /MANIFEST /MANIFESTUAC:"level='asInvoker' uiAccess='false'" /manifest:embed /Debug /PDB:"C:\Users\xinma\Documents\GitHub\DataStructuresAlgorithmsAndApplicationsInCpp\Chapter4\Debug\Array.pdb" /SUBSYSTEM:CONSOLE /TLBID:1 /DYNAMICBASE /NXCOMPAT /IMPLIB:"C:\Users\xinma\Documents\GitHub\DataStructuresAlgorithmsAndApplicationsInCpp\Chapter4\Debug\Array.lib" /MACHINE:X86 Debug\Array.obj
         Debug\Array1D.obj
         Debug\Array2D.obj
         Debug\stdafx.obj
         Debug\xcept.obj
         Array.vcxproj -> C:\Users\xinma\Documents\GitHub\DataStructuresAlgorithmsAndApplicationsInCpp\Chapter4\Debug\Array.exe
     1>已完成生成项目“C:\Users\xinma\Documents\GitHub\DataStructuresAlgorithmsAndApplicationsInCpp\Chapter4\Array\Array.vcxproj”(Rebuild 个目标)的操作。

已成功生成。

已用时间 00:00:02.32
