c:\users\alex\documents\github\datastructuresalgorithmsandapplicationsincpp\chapter4\array\debug\array.pch
c:\users\alex\documents\github\datastructuresalgorithmsandapplicationsincpp\chapter4\array\debug\stdafx.obj
c:\users\alex\documents\github\datastructuresalgorithmsandapplicationsincpp\chapter4\array\debug\vc110.pdb
c:\users\alex\documents\github\datastructuresalgorithmsandapplicationsincpp\chapter4\array\debug\array.obj
c:\users\alex\documents\github\datastructuresalgorithmsandapplicationsincpp\chapter4\array\debug\array1d.obj
c:\users\alex\documents\github\datastructuresalgorithmsandapplicationsincpp\chapter4\array\debug\xcept.obj
c:\users\alex\documents\github\datastructuresalgorithmsandapplicationsincpp\chapter4\array\debug\array2d.obj
c:\users\alex\documents\github\datastructuresalgorithmsandapplicationsincpp\chapter4\debug\array.ilk
c:\users\alex\documents\github\datastructuresalgorithmsandapplicationsincpp\chapter4\debug\array.exe
c:\users\alex\documents\github\datastructuresalgorithmsandapplicationsincpp\chapter4\debug\array.pdb
c:\users\xinma\documents\github\datastructuresalgorithmsandapplicationsincpp\chapter4\array\debug\array.pch
c:\users\xinma\documents\github\datastructuresalgorithmsandapplicationsincpp\chapter4\array\debug\vc140.pdb
c:\users\xinma\documents\github\datastructuresalgorithmsandapplicationsincpp\chapter4\array\debug\vc140.idb
c:\users\xinma\documents\github\datastructuresalgorithmsandapplicationsincpp\chapter4\array\debug\stdafx.obj
c:\users\xinma\documents\github\datastructuresalgorithmsandapplicationsincpp\chapter4\array\debug\array.obj
c:\users\xinma\documents\github\datastructuresalgorithmsandapplicationsincpp\chapter4\array\debug\array1d.obj
c:\users\xinma\documents\github\datastructuresalgorithmsandapplicationsincpp\chapter4\array\debug\array2d.obj
c:\users\xinma\documents\github\datastructuresalgorithmsandapplicationsincpp\chapter4\array\debug\xcept.obj
c:\users\xinma\documents\github\datastructuresalgorithmsandapplicationsincpp\chapter4\debug\array.ilk
c:\users\xinma\documents\github\datastructuresalgorithmsandapplicationsincpp\chapter4\debug\array.exe
c:\users\xinma\documents\github\datastructuresalgorithmsandapplicationsincpp\chapter4\debug\array.pdb
c:\users\xinma\documents\github\datastructuresalgorithmsandapplicationsincpp\chapter4\array\debug\cl.command.1.tlog
c:\users\xinma\documents\github\datastructuresalgorithmsandapplicationsincpp\chapter4\array\debug\cl.read.1.tlog
c:\users\xinma\documents\github\datastructuresalgorithmsandapplicationsincpp\chapter4\array\debug\cl.write.1.tlog
c:\users\xinma\documents\github\datastructuresalgorithmsandapplicationsincpp\chapter4\array\debug\link-cvtres.read.1.tlog
c:\users\xinma\documents\github\datastructuresalgorithmsandapplicationsincpp\chapter4\array\debug\link-cvtres.write.1.tlog
c:\users\xinma\documents\github\datastructuresalgorithmsandapplicationsincpp\chapter4\array\debug\link-rc.read.1.tlog
c:\users\xinma\documents\github\datastructuresalgorithmsandapplicationsincpp\chapter4\array\debug\link-rc.write.1.tlog
c:\users\xinma\documents\github\datastructuresalgorithmsandapplicationsincpp\chapter4\array\debug\link.1204-cvtres.read.1.tlog
c:\users\xinma\documents\github\datastructuresalgorithmsandapplicationsincpp\chapter4\array\debug\link.1204-cvtres.write.1.tlog
c:\users\xinma\documents\github\datastructuresalgorithmsandapplicationsincpp\chapter4\array\debug\link.1204-rc.read.1.tlog
c:\users\xinma\documents\github\datastructuresalgorithmsandapplicationsincpp\chapter4\array\debug\link.1204-rc.write.1.tlog
c:\users\xinma\documents\github\datastructuresalgorithmsandapplicationsincpp\chapter4\array\debug\link.1204.read.1.tlog
c:\users\xinma\documents\github\datastructuresalgorithmsandapplicationsincpp\chapter4\array\debug\link.1204.write.1.tlog
c:\users\xinma\documents\github\datastructuresalgorithmsandapplicationsincpp\chapter4\array\debug\link.5672-cvtres.read.1.tlog
c:\users\xinma\documents\github\datastructuresalgorithmsandapplicationsincpp\chapter4\array\debug\link.5672-cvtres.write.1.tlog
c:\users\xinma\documents\github\datastructuresalgorithmsandapplicationsincpp\chapter4\array\debug\link.5672-rc.read.1.tlog
c:\users\xinma\documents\github\datastructuresalgorithmsandapplicationsincpp\chapter4\array\debug\link.5672-rc.write.1.tlog
c:\users\xinma\documents\github\datastructuresalgorithmsandapplicationsincpp\chapter4\array\debug\link.5672.read.1.tlog
c:\users\xinma\documents\github\datastructuresalgorithmsandapplicationsincpp\chapter4\array\debug\link.5672.write.1.tlog
c:\users\xinma\documents\github\datastructuresalgorithmsandapplicationsincpp\chapter4\array\debug\link.632-cvtres.read.1.tlog
c:\users\xinma\documents\github\datastructuresalgorithmsandapplicationsincpp\chapter4\array\debug\link.632-cvtres.write.1.tlog
c:\users\xinma\documents\github\datastructuresalgorithmsandapplicationsincpp\chapter4\array\debug\link.632-rc.read.1.tlog
c:\users\xinma\documents\github\datastructuresalgorithmsandapplicationsincpp\chapter4\array\debug\link.632-rc.write.1.tlog
c:\users\xinma\documents\github\datastructuresalgorithmsandapplicationsincpp\chapter4\array\debug\link.632.read.1.tlog
c:\users\xinma\documents\github\datastructuresalgorithmsandapplicationsincpp\chapter4\array\debug\link.632.write.1.tlog
c:\users\xinma\documents\github\datastructuresalgorithmsandapplicationsincpp\chapter4\array\debug\link.command.1.tlog
c:\users\xinma\documents\github\datastructuresalgorithmsandapplicationsincpp\chapter4\array\debug\link.read.1.tlog
c:\users\xinma\documents\github\datastructuresalgorithmsandapplicationsincpp\chapter4\array\debug\link.write.1.tlog
c:\users\xinma\documents\github\datastructuresalgorithmsandapplicationsincpp\chapter4\array\debug\vc110.idb
c:\users\xinma\documents\github\datastructuresalgorithmsandapplicationsincpp\chapter4\array\debug\vc110.pdb
c:\users\xinma\documents\github\datastructuresalgorithmsandapplicationsincpp\chapter4\array\debug\array.tlog\cl.command.1.tlog
c:\users\xinma\documents\github\datastructuresalgorithmsandapplicationsincpp\chapter4\array\debug\array.tlog\cl.read.1.tlog
c:\users\xinma\documents\github\datastructuresalgorithmsandapplicationsincpp\chapter4\array\debug\array.tlog\cl.write.1.tlog
c:\users\xinma\documents\github\datastructuresalgorithmsandapplicationsincpp\chapter4\array\debug\array.tlog\link.command.1.tlog
c:\users\xinma\documents\github\datastructuresalgorithmsandapplicationsincpp\chapter4\array\debug\array.tlog\link.read.1.tlog
c:\users\xinma\documents\github\datastructuresalgorithmsandapplicationsincpp\chapter4\array\debug\array.tlog\link.write.1.tlog
