生成启动时间为 2015/10/1 22:25:43。
     1>项目“C:\Users\xinma\Documents\GitHub\DataStructuresAlgorithmsAndApplicationsInCpp\Chapter7\Chapter7\Chapter7.vcxproj”在节点 2 上(Build 个目标)。
     1>C:\Program Files (x86)\MSBuild\Microsoft.Cpp\v4.0\V140\Microsoft.CppBuild.targets(392,5): warning MSB8028: The intermediate directory (Debug\) contains files shared from another project (Chapter7.vcxproj).  This can lead to incorrect clean and rebuild behavior.
     1>ClCompile:
         C:\Program Files (x86)\Microsoft Visual Studio 14.0\VC\bin\CL.exe /c /ZI /nologo /W3 /WX- /sdl /Od /Oy- /D WIN32 /D _DEBUG /D _CONSOLE /D _UNICODE /D UNICODE /Gm /EHsc /RTC1 /MDd /GS /fp:precise /Zc:wchar_t /Zc:forScope /Zc:inline /Yc"stdafx.h" /Fp"Debug\SkipList.pch" /Fo"Debug\\" /Fd"Debug\vc140.pdb" /Gd /TP /analyze- /errorReport:prompt stdafx.cpp
         stdafx.cpp
         C:\Program Files (x86)\Microsoft Visual Studio 14.0\VC\bin\CL.exe /c /ZI /nologo /W3 /WX- /sdl /Od /Oy- /D WIN32 /D _DEBUG /D _CONSOLE /D _UNICODE /D UNICODE /Gm /EHsc /RTC1 /MDd /GS /fp:precise /Zc:wchar_t /Zc:forScope /Zc:inline /Yu"stdafx.h" /Fp"Debug\SkipList.pch" /Fo"Debug\\" /Fd"Debug\vc140.pdb" /Gd /TP /analyze- /errorReport:prompt Chapter7.cpp skip.cpp sochain.cpp xcept.cpp
         xcept.cpp
         sochain.cpp
         skip.cpp
     1>c:\users\xinma\documents\github\datastructuresalgorithmsandapplicationsincpp\chapter7\chapter7\skip.h(37): warning C4244: “=”: 从“float”转换到“int”，可能丢失数据
         c:\users\xinma\documents\github\datastructuresalgorithmsandapplicationsincpp\chapter7\chapter7\skip.h(36): note: 编译类 模板 成员函数“SkipList<element,long>::SkipList(K,int,float)”时
                 with
                 [
                     K=long
                 ]
         c:\users\xinma\documents\github\datastructuresalgorithmsandapplicationsincpp\chapter7\chapter7\skip.cpp(22): note: 参见对正在编译的函数 模板 实例化“SkipList<element,long>::SkipList(K,int,float)”的引用
                 with
                 [
                     K=long
                 ]
         c:\users\xinma\documents\github\datastructuresalgorithmsandapplicationsincpp\chapter7\chapter7\skip.cpp(22): note: 参见对正在编译的类 模板 实例化“SkipList<element,long>”的引用
     1>c:\users\xinma\documents\github\datastructuresalgorithmsandapplicationsincpp\chapter7\chapter7\skip.h(38): warning C4244: “=”: 从“double”转换到“int”，可能丢失数据
         Chapter7.cpp
         正在生成代码...
       Link:
         C:\Program Files (x86)\Microsoft Visual Studio 14.0\VC\bin\link.exe /ERRORREPORT:PROMPT /OUT:"C:\Users\xinma\Documents\GitHub\DataStructuresAlgorithmsAndApplicationsInCpp\Chapter7\Debug\SkipList.exe" /INCREMENTAL /NOLOGO kernel32.lib user32.lib gdi32.lib winspool.lib comdlg32.lib advapi32.lib shell32.lib ole32.lib oleaut32.lib uuid.lib odbc32.lib odbccp32.lib /MANIFEST /MANIFESTUAC:"level='asInvoker' uiAccess='false'" /manifest:embed /Debug /PDB:"C:\Users\xinma\Documents\GitHub\DataStructuresAlgorithmsAndApplicationsInCpp\Chapter7\Debug\SkipList.pdb" /SUBSYSTEM:CONSOLE /TLBID:1 /DYNAMICBASE /NXCOMPAT /IMPLIB:"C:\Users\xinma\Documents\GitHub\DataStructuresAlgorithmsAndApplicationsInCpp\Chapter7\Debug\SkipList.lib" /MACHINE:X86 Debug\Chapter7.obj
         Debug\skip.obj
         Debug\sochain.obj
         Debug\stdafx.obj
         Debug\xcept.obj
         Chapter7.vcxproj -> C:\Users\xinma\Documents\GitHub\DataStructuresAlgorithmsAndApplicationsInCpp\Chapter7\Debug\SkipList.exe
     1>已完成生成项目“C:\Users\xinma\Documents\GitHub\DataStructuresAlgorithmsAndApplicationsInCpp\Chapter7\Chapter7\Chapter7.vcxproj”(Build 个目标)的操作。

已成功生成。

已用时间 00:00:03.64
