C:\USERS\ALEX\DOCUMENTS\GITHUB\DATASTRUCTURESALGORITHMSANDAPPLICATIONSINCPP\CHAPTER3\CHAPTER3_6\DEBUG\CHAPTER3_6.PCH
C:\USERS\ALEX\DOCUMENTS\GITHUB\DATASTRUCTURESALGORITHMSANDAPPLICATIONSINCPP\CHAPTER3\CHAPTER3_6\DEBUG\STDAFX.OBJ
C:\USERS\ALEX\DOCUMENTS\GITHUB\DATASTRUCTURESALGORITHMSANDAPPLICATIONSINCPP\CHAPTER3\CHAPTER3_6\DEBUG\VC110.PDB
C:\USERS\ALEX\DOCUMENTS\GITHUB\DATASTRUCTURESALGORITHMSANDAPPLICATIONSINCPP\CHAPTER3\CHAPTER3_6\DEBUG\CHAPTER3_6.OBJ
C:\USERS\ALEX\DOCUMENTS\GITHUB\DATASTRUCTURESALGORITHMSANDAPPLICATIONSINCPP\CHAPTER3\CHAPTER3_6\DEBUG\SIMNODE.OBJ
C:\USERS\ALEX\DOCUMENTS\GITHUB\DATASTRUCTURESALGORITHMSANDAPPLICATIONSINCPP\CHAPTER3\CHAPTER3_6\DEBUG\SIMSPACE.OBJ
C:\USERS\ALEX\DOCUMENTS\GITHUB\DATASTRUCTURESALGORITHMSANDAPPLICATIONSINCPP\CHAPTER3\CHAPTER3_6\DEBUG\XCEPT.OBJ
C:\USERS\ALEX\DOCUMENTS\GITHUB\DATASTRUCTURESALGORITHMSANDAPPLICATIONSINCPP\CHAPTER3\CHAPTER3_6\DEBUG\SIMCHAIN.OBJ
C:\USERS\ALEX\DOCUMENTS\GITHUB\DATASTRUCTURESALGORITHMSANDAPPLICATIONSINCPP\CHAPTER3\DEBUG\CHAPTER3_6.ILK
C:\USERS\ALEX\DOCUMENTS\GITHUB\DATASTRUCTURESALGORITHMSANDAPPLICATIONSINCPP\CHAPTER3\DEBUG\CHAPTER3_6.EXE
C:\USERS\ALEX\DOCUMENTS\GITHUB\DATASTRUCTURESALGORITHMSANDAPPLICATIONSINCPP\CHAPTER3\DEBUG\CHAPTER3_6.PDB
C:\Users\Alex\Documents\GitHub\DataStructuresAlgorithmsAndApplicationsInCpp\Chapter3\chapter3_6\Debug\chapter3_6.obj
C:\Users\Alex\Documents\GitHub\DataStructuresAlgorithmsAndApplicationsInCpp\Chapter3\chapter3_6\Debug\SimChain.obj
C:\Users\Alex\Documents\GitHub\DataStructuresAlgorithmsAndApplicationsInCpp\Chapter3\chapter3_6\Debug\SimNode.obj
C:\Users\Alex\Documents\GitHub\DataStructuresAlgorithmsAndApplicationsInCpp\Chapter3\chapter3_6\Debug\SimSpace.obj
C:\Users\Alex\Documents\GitHub\DataStructuresAlgorithmsAndApplicationsInCpp\Chapter3\chapter3_6\Debug\stdafx.obj
C:\Users\Alex\Documents\GitHub\DataStructuresAlgorithmsAndApplicationsInCpp\Chapter3\chapter3_6\Debug\xcept.obj
C:\Users\Alex\Documents\GitHub\DataStructuresAlgorithmsAndApplicationsInCpp\Chapter3\chapter3_6\Debug\cl.command.1.tlog
C:\Users\Alex\Documents\GitHub\DataStructuresAlgorithmsAndApplicationsInCpp\Chapter3\chapter3_6\Debug\CL.read.1.tlog
C:\Users\Alex\Documents\GitHub\DataStructuresAlgorithmsAndApplicationsInCpp\Chapter3\chapter3_6\Debug\CL.write.1.tlog
C:\Users\Alex\Documents\GitHub\DataStructuresAlgorithmsAndApplicationsInCpp\Chapter3\chapter3_6\Debug\link-cvtres.read.1.tlog
C:\Users\Alex\Documents\GitHub\DataStructuresAlgorithmsAndApplicationsInCpp\Chapter3\chapter3_6\Debug\link-cvtres.write.1.tlog
C:\Users\Alex\Documents\GitHub\DataStructuresAlgorithmsAndApplicationsInCpp\Chapter3\chapter3_6\Debug\link-rc.read.1.tlog
C:\Users\Alex\Documents\GitHub\DataStructuresAlgorithmsAndApplicationsInCpp\Chapter3\chapter3_6\Debug\link-rc.write.1.tlog
C:\Users\Alex\Documents\GitHub\DataStructuresAlgorithmsAndApplicationsInCpp\Chapter3\chapter3_6\Debug\link.6876-cvtres.read.1.tlog
C:\Users\Alex\Documents\GitHub\DataStructuresAlgorithmsAndApplicationsInCpp\Chapter3\chapter3_6\Debug\link.6876-cvtres.write.1.tlog
C:\Users\Alex\Documents\GitHub\DataStructuresAlgorithmsAndApplicationsInCpp\Chapter3\chapter3_6\Debug\link.6876-rc.read.1.tlog
C:\Users\Alex\Documents\GitHub\DataStructuresAlgorithmsAndApplicationsInCpp\Chapter3\chapter3_6\Debug\link.6876-rc.write.1.tlog
C:\Users\Alex\Documents\GitHub\DataStructuresAlgorithmsAndApplicationsInCpp\Chapter3\chapter3_6\Debug\link.6876.read.1.tlog
C:\Users\Alex\Documents\GitHub\DataStructuresAlgorithmsAndApplicationsInCpp\Chapter3\chapter3_6\Debug\link.6876.write.1.tlog
C:\Users\Alex\Documents\GitHub\DataStructuresAlgorithmsAndApplicationsInCpp\Chapter3\chapter3_6\Debug\link.7136-cvtres.read.1.tlog
C:\Users\Alex\Documents\GitHub\DataStructuresAlgorithmsAndApplicationsInCpp\Chapter3\chapter3_6\Debug\link.7136-cvtres.write.1.tlog
C:\Users\Alex\Documents\GitHub\DataStructuresAlgorithmsAndApplicationsInCpp\Chapter3\chapter3_6\Debug\link.7136-rc.read.1.tlog
C:\Users\Alex\Documents\GitHub\DataStructuresAlgorithmsAndApplicationsInCpp\Chapter3\chapter3_6\Debug\link.7136-rc.write.1.tlog
C:\Users\Alex\Documents\GitHub\DataStructuresAlgorithmsAndApplicationsInCpp\Chapter3\chapter3_6\Debug\link.7136.read.1.tlog
C:\Users\Alex\Documents\GitHub\DataStructuresAlgorithmsAndApplicationsInCpp\Chapter3\chapter3_6\Debug\link.7136.write.1.tlog
C:\Users\Alex\Documents\GitHub\DataStructuresAlgorithmsAndApplicationsInCpp\Chapter3\chapter3_6\Debug\link.7556-cvtres.read.1.tlog
C:\Users\Alex\Documents\GitHub\DataStructuresAlgorithmsAndApplicationsInCpp\Chapter3\chapter3_6\Debug\link.7556-cvtres.write.1.tlog
C:\Users\Alex\Documents\GitHub\DataStructuresAlgorithmsAndApplicationsInCpp\Chapter3\chapter3_6\Debug\link.7556-rc.read.1.tlog
C:\Users\Alex\Documents\GitHub\DataStructuresAlgorithmsAndApplicationsInCpp\Chapter3\chapter3_6\Debug\link.7556-rc.write.1.tlog
C:\Users\Alex\Documents\GitHub\DataStructuresAlgorithmsAndApplicationsInCpp\Chapter3\chapter3_6\Debug\link.7556.read.1.tlog
C:\Users\Alex\Documents\GitHub\DataStructuresAlgorithmsAndApplicationsInCpp\Chapter3\chapter3_6\Debug\link.7556.write.1.tlog
C:\Users\Alex\Documents\GitHub\DataStructuresAlgorithmsAndApplicationsInCpp\Chapter3\chapter3_6\Debug\link.command.1.tlog
C:\Users\Alex\Documents\GitHub\DataStructuresAlgorithmsAndApplicationsInCpp\Chapter3\chapter3_6\Debug\link.read.1.tlog
C:\Users\Alex\Documents\GitHub\DataStructuresAlgorithmsAndApplicationsInCpp\Chapter3\chapter3_6\Debug\link.write.1.tlog
C:\Users\Alex\Documents\GitHub\DataStructuresAlgorithmsAndApplicationsInCpp\Chapter3\chapter3_6\Debug\chapter3_6.pch
C:\Users\Alex\Documents\GitHub\DataStructuresAlgorithmsAndApplicationsInCpp\Chapter3\chapter3_6\Debug\vc110.idb
C:\Users\Alex\Documents\GitHub\DataStructuresAlgorithmsAndApplicationsInCpp\Chapter3\chapter3_6\Debug\vc110.pdb
C:\Users\Alex\Documents\GitHub\DataStructuresAlgorithmsAndApplicationsInCpp\Chapter3\Debug\chapter3_6.pdb
C:\Users\Alex\Documents\GitHub\DataStructuresAlgorithmsAndApplicationsInCpp\Chapter3\Debug\chapter3_6.exe
C:\Users\Alex\Documents\GitHub\DataStructuresAlgorithmsAndApplicationsInCpp\Chapter3\Debug\chapter3_6.ilk
