c:\users\xinma\documents\github\datastructuresalgorithmsandapplicationsincpp\chapter4\matrixclass\debug\matrixclass.pch
c:\users\xinma\documents\github\datastructuresalgorithmsandapplicationsincpp\chapter4\matrixclass\debug\vc140.pdb
c:\users\xinma\documents\github\datastructuresalgorithmsandapplicationsincpp\chapter4\matrixclass\debug\vc140.idb
c:\users\xinma\documents\github\datastructuresalgorithmsandapplicationsincpp\chapter4\matrixclass\debug\stdafx.obj
c:\users\xinma\documents\github\datastructuresalgorithmsandapplicationsincpp\chapter4\matrixclass\debug\matrix.obj
c:\users\xinma\documents\github\datastructuresalgorithmsandapplicationsincpp\chapter4\matrixclass\debug\matrixclass.obj
c:\users\xinma\documents\github\datastructuresalgorithmsandapplicationsincpp\chapter4\matrixclass\debug\sparsematrix.obj
c:\users\xinma\documents\github\datastructuresalgorithmsandapplicationsincpp\chapter4\matrixclass\debug\term.obj
c:\users\xinma\documents\github\datastructuresalgorithmsandapplicationsincpp\chapter4\matrixclass\debug\xcept.obj
c:\users\xinma\documents\github\datastructuresalgorithmsandapplicationsincpp\chapter4\debug\matrixclass.pdb
c:\users\xinma\documents\github\datastructuresalgorithmsandapplicationsincpp\chapter4\matrixclass\debug\matrixclass.tlog\cl.command.1.tlog
c:\users\xinma\documents\github\datastructuresalgorithmsandapplicationsincpp\chapter4\matrixclass\debug\matrixclass.tlog\cl.read.1.tlog
c:\users\xinma\documents\github\datastructuresalgorithmsandapplicationsincpp\chapter4\matrixclass\debug\matrixclass.tlog\cl.write.1.tlog
c:\users\xinma\documents\github\datastructuresalgorithmsandapplicationsincpp\chapter4\matrixclass\debug\matrixclass.tlog\link-cvtres.read.1.tlog
c:\users\xinma\documents\github\datastructuresalgorithmsandapplicationsincpp\chapter4\matrixclass\debug\matrixclass.tlog\link-cvtres.write.1.tlog
c:\users\xinma\documents\github\datastructuresalgorithmsandapplicationsincpp\chapter4\matrixclass\debug\matrixclass.tlog\link-rc.read.1.tlog
c:\users\xinma\documents\github\datastructuresalgorithmsandapplicationsincpp\chapter4\matrixclass\debug\matrixclass.tlog\link-rc.write.1.tlog
c:\users\xinma\documents\github\datastructuresalgorithmsandapplicationsincpp\chapter4\matrixclass\debug\matrixclass.tlog\link.command.1.tlog
c:\users\xinma\documents\github\datastructuresalgorithmsandapplicationsincpp\chapter4\matrixclass\debug\matrixclass.tlog\link.read.1.tlog
c:\users\xinma\documents\github\datastructuresalgorithmsandapplicationsincpp\chapter4\matrixclass\debug\matrixclass.tlog\link.write.1.tlog
