c:\users\xinma\documents\github\datastructuresalgorithmsandapplicationsincpp\chapter12\graph\debug\graph.pch
c:\users\xinma\documents\github\datastructuresalgorithmsandapplicationsincpp\chapter12\graph\debug\vc140.pdb
c:\users\xinma\documents\github\datastructuresalgorithmsandapplicationsincpp\chapter12\graph\debug\vc140.idb
c:\users\xinma\documents\github\datastructuresalgorithmsandapplicationsincpp\chapter12\graph\debug\stdafx.obj
c:\users\xinma\documents\github\datastructuresalgorithmsandapplicationsincpp\chapter12\graph\debug\graph.obj
c:\users\xinma\documents\github\datastructuresalgorithmsandapplicationsincpp\chapter12\graph\debug\xcept.obj
c:\users\xinma\documents\github\datastructuresalgorithmsandapplicationsincpp\chapter12\graph\debug\adigraph.obj
c:\users\xinma\documents\github\datastructuresalgorithmsandapplicationsincpp\chapter12\graph\debug\awddfs.obj
c:\users\xinma\documents\github\datastructuresalgorithmsandapplicationsincpp\chapter12\graph\debug\awdgraph.obj
c:\users\xinma\documents\github\datastructuresalgorithmsandapplicationsincpp\chapter12\graph\debug\awgraph.obj
c:\users\xinma\documents\github\datastructuresalgorithmsandapplicationsincpp\chapter12\graph\debug\lbfs.obj
c:\users\xinma\documents\github\datastructuresalgorithmsandapplicationsincpp\chapter12\graph\debug\ldbfs.obj
c:\users\xinma\documents\github\datastructuresalgorithmsandapplicationsincpp\chapter12\graph\debug\ldfs.obj
c:\users\xinma\documents\github\datastructuresalgorithmsandapplicationsincpp\chapter12\graph\debug\ldigraph.obj
c:\users\xinma\documents\github\datastructuresalgorithmsandapplicationsincpp\chapter12\graph\debug\lgraph.obj
c:\users\xinma\documents\github\datastructuresalgorithmsandapplicationsincpp\chapter12\graph\debug\agraph.obj
c:\users\xinma\documents\github\datastructuresalgorithmsandapplicationsincpp\chapter12\graph\debug\awbfs.obj
c:\users\xinma\documents\github\datastructuresalgorithmsandapplicationsincpp\chapter12\graph\debug\awdbfs.obj
c:\users\xinma\documents\github\datastructuresalgorithmsandapplicationsincpp\chapter12\debug\graph.ilk
c:\users\xinma\documents\github\datastructuresalgorithmsandapplicationsincpp\chapter12\debug\graph.exe
c:\users\xinma\documents\github\datastructuresalgorithmsandapplicationsincpp\chapter12\debug\graph.pdb
c:\users\xinma\documents\github\datastructuresalgorithmsandapplicationsincpp\chapter12\graph\debug\graph.tlog\cl.command.1.tlog
c:\users\xinma\documents\github\datastructuresalgorithmsandapplicationsincpp\chapter12\graph\debug\graph.tlog\cl.read.1.tlog
c:\users\xinma\documents\github\datastructuresalgorithmsandapplicationsincpp\chapter12\graph\debug\graph.tlog\cl.write.1.tlog
c:\users\xinma\documents\github\datastructuresalgorithmsandapplicationsincpp\chapter12\graph\debug\graph.tlog\link.command.1.tlog
c:\users\xinma\documents\github\datastructuresalgorithmsandapplicationsincpp\chapter12\graph\debug\graph.tlog\link.read.1.tlog
c:\users\xinma\documents\github\datastructuresalgorithmsandapplicationsincpp\chapter12\graph\debug\graph.tlog\link.write.1.tlog
