生成启动时间为 2015/10/4 22:02:50。
     1>项目“C:\Users\xinma\Documents\GitHub\DataStructuresAlgorithmsAndApplicationsInCpp\Chapter12\Graph\Graph.vcxproj”在节点 2 上(Build 个目标)。
     1>ClCompile:
         C:\Program Files (x86)\Microsoft Visual Studio 14.0\VC\bin\CL.exe /c /ZI /nologo /W3 /WX- /sdl /Od /Oy- /D WIN32 /D _DEBUG /D _CONSOLE /D _UNICODE /D UNICODE /Gm /EHsc /RTC1 /MDd /GS /fp:precise /Zc:wchar_t /Zc:forScope /Zc:inline /Yu"stdafx.h" /Fp"Debug\Graph.pch" /Fo"Debug\\" /Fd"Debug\vc140.pdb" /Gd /TP /analyze- /errorReport:prompt lqueue.cpp lstack.cpp
         lstack.cpp
         lqueue.cpp
         正在生成代码...
       Link:
         C:\Program Files (x86)\Microsoft Visual Studio 14.0\VC\bin\link.exe /ERRORREPORT:PROMPT /OUT:"C:\Users\xinma\Documents\GitHub\DataStructuresAlgorithmsAndApplicationsInCpp\Chapter12\Debug\Graph.exe" /INCREMENTAL /NOLOGO kernel32.lib user32.lib gdi32.lib winspool.lib comdlg32.lib advapi32.lib shell32.lib ole32.lib oleaut32.lib uuid.lib odbc32.lib odbccp32.lib /MANIFEST /MANIFESTUAC:"level='asInvoker' uiAccess='false'" /manifest:embed /Debug /PDB:"C:\Users\xinma\Documents\GitHub\DataStructuresAlgorithmsAndApplicationsInCpp\Chapter12\Debug\Graph.pdb" /SUBSYSTEM:CONSOLE /TLBID:1 /DYNAMICBASE /NXCOMPAT /IMPLIB:"C:\Users\xinma\Documents\GitHub\DataStructuresAlgorithmsAndApplicationsInCpp\Chapter12\Debug\Graph.lib" /MACHINE:X86 Debug\adigraph.obj
         Debug\agraph.obj
         Debug\awbfs.obj
         Debug\awdbfs.obj
         Debug\awddfs.obj
         Debug\awdgraph.obj
         Debug\awgraph.obj
         Debug\del2d.obj
         Debug\Graph.obj
         Debug\lbfs.obj
         Debug\ldbfs.obj
         Debug\ldfs.obj
         Debug\ldigraph.obj
         Debug\lgraph.obj
         Debug\lqueue.obj
         Debug\lstack.obj
         Debug\make2db.obj
         Debug\stdafx.obj
         Debug\xcept.obj
         Graph.vcxproj -> C:\Users\xinma\Documents\GitHub\DataStructuresAlgorithmsAndApplicationsInCpp\Chapter12\Debug\Graph.exe
     1>已完成生成项目“C:\Users\xinma\Documents\GitHub\DataStructuresAlgorithmsAndApplicationsInCpp\Chapter12\Graph\Graph.vcxproj”(Build 个目标)的操作。

已成功生成。

已用时间 00:00:01.29
