C:\USERS\ALEX\DOCUMENTS\GITHUB\DATASTRUCTURESALGORITHMSANDAPPLICATIONSINCPP\CHAPTER3\CHAPTER3_4\DEBUG\CHAPTER3_4.PCH
C:\USERS\ALEX\DOCUMENTS\GITHUB\DATASTRUCTURESALGORITHMSANDAPPLICATIONSINCPP\CHAPTER3\CHAPTER3_4\DEBUG\STDAFX.OBJ
C:\USERS\ALEX\DOCUMENTS\GITHUB\DATASTRUCTURESALGORITHMSANDAPPLICATIONSINCPP\CHAPTER3\CHAPTER3_4\DEBUG\VC110.PDB
C:\USERS\ALEX\DOCUMENTS\GITHUB\DATASTRUCTURESALGORITHMSANDAPPLICATIONSINCPP\CHAPTER3\CHAPTER3_4\DEBUG\XCEPT.OBJ
C:\USERS\ALEX\DOCUMENTS\GITHUB\DATASTRUCTURESALGORITHMSANDAPPLICATIONSINCPP\CHAPTER3\CHAPTER3_4\DEBUG\CHAPTER3_4.OBJ
C:\USERS\ALEX\DOCUMENTS\GITHUB\DATASTRUCTURESALGORITHMSANDAPPLICATIONSINCPP\CHAPTER3\CHAPTER3_4\DEBUG\CHAIN.OBJ
C:\USERS\ALEX\DOCUMENTS\GITHUB\DATASTRUCTURESALGORITHMSANDAPPLICATIONSINCPP\CHAPTER3\CHAPTER3_4\DEBUG\CHAINITERATOR.OBJ
C:\USERS\ALEX\DOCUMENTS\GITHUB\DATASTRUCTURESALGORITHMSANDAPPLICATIONSINCPP\CHAPTER3\DEBUG\CHAPTER3_4.ILK
C:\USERS\ALEX\DOCUMENTS\GITHUB\DATASTRUCTURESALGORITHMSANDAPPLICATIONSINCPP\CHAPTER3\DEBUG\CHAPTER3_4.EXE
C:\USERS\ALEX\DOCUMENTS\GITHUB\DATASTRUCTURESALGORITHMSANDAPPLICATIONSINCPP\CHAPTER3\DEBUG\CHAPTER3_4.PDB
C:\Users\Alex\Documents\GitHub\DataStructuresAlgorithmsAndApplicationsInCpp\Chapter3\Chapter3_4\Debug\Chain.obj
C:\Users\Alex\Documents\GitHub\DataStructuresAlgorithmsAndApplicationsInCpp\Chapter3\Chapter3_4\Debug\ChainIterator.obj
C:\Users\Alex\Documents\GitHub\DataStructuresAlgorithmsAndApplicationsInCpp\Chapter3\Chapter3_4\Debug\Chapter3_4.obj
C:\Users\Alex\Documents\GitHub\DataStructuresAlgorithmsAndApplicationsInCpp\Chapter3\Chapter3_4\Debug\stdafx.obj
C:\Users\Alex\Documents\GitHub\DataStructuresAlgorithmsAndApplicationsInCpp\Chapter3\Chapter3_4\Debug\xcept.obj
C:\Users\Alex\Documents\GitHub\DataStructuresAlgorithmsAndApplicationsInCpp\Chapter3\Chapter3_4\Debug\cl.command.1.tlog
C:\Users\Alex\Documents\GitHub\DataStructuresAlgorithmsAndApplicationsInCpp\Chapter3\Chapter3_4\Debug\CL.read.1.tlog
C:\Users\Alex\Documents\GitHub\DataStructuresAlgorithmsAndApplicationsInCpp\Chapter3\Chapter3_4\Debug\CL.write.1.tlog
C:\Users\Alex\Documents\GitHub\DataStructuresAlgorithmsAndApplicationsInCpp\Chapter3\Chapter3_4\Debug\link-cvtres.read.1.tlog
C:\Users\Alex\Documents\GitHub\DataStructuresAlgorithmsAndApplicationsInCpp\Chapter3\Chapter3_4\Debug\link-cvtres.write.1.tlog
C:\Users\Alex\Documents\GitHub\DataStructuresAlgorithmsAndApplicationsInCpp\Chapter3\Chapter3_4\Debug\link-rc.read.1.tlog
C:\Users\Alex\Documents\GitHub\DataStructuresAlgorithmsAndApplicationsInCpp\Chapter3\Chapter3_4\Debug\link-rc.write.1.tlog
C:\Users\Alex\Documents\GitHub\DataStructuresAlgorithmsAndApplicationsInCpp\Chapter3\Chapter3_4\Debug\link.10132-cvtres.read.1.tlog
C:\Users\Alex\Documents\GitHub\DataStructuresAlgorithmsAndApplicationsInCpp\Chapter3\Chapter3_4\Debug\link.10132-cvtres.write.1.tlog
C:\Users\Alex\Documents\GitHub\DataStructuresAlgorithmsAndApplicationsInCpp\Chapter3\Chapter3_4\Debug\link.10132-rc.read.1.tlog
C:\Users\Alex\Documents\GitHub\DataStructuresAlgorithmsAndApplicationsInCpp\Chapter3\Chapter3_4\Debug\link.10132-rc.write.1.tlog
C:\Users\Alex\Documents\GitHub\DataStructuresAlgorithmsAndApplicationsInCpp\Chapter3\Chapter3_4\Debug\link.10132.read.1.tlog
C:\Users\Alex\Documents\GitHub\DataStructuresAlgorithmsAndApplicationsInCpp\Chapter3\Chapter3_4\Debug\link.10132.write.1.tlog
C:\Users\Alex\Documents\GitHub\DataStructuresAlgorithmsAndApplicationsInCpp\Chapter3\Chapter3_4\Debug\link.10612-cvtres.read.1.tlog
C:\Users\Alex\Documents\GitHub\DataStructuresAlgorithmsAndApplicationsInCpp\Chapter3\Chapter3_4\Debug\link.10612-cvtres.write.1.tlog
C:\Users\Alex\Documents\GitHub\DataStructuresAlgorithmsAndApplicationsInCpp\Chapter3\Chapter3_4\Debug\link.10612-rc.read.1.tlog
C:\Users\Alex\Documents\GitHub\DataStructuresAlgorithmsAndApplicationsInCpp\Chapter3\Chapter3_4\Debug\link.10612-rc.write.1.tlog
C:\Users\Alex\Documents\GitHub\DataStructuresAlgorithmsAndApplicationsInCpp\Chapter3\Chapter3_4\Debug\link.10612.read.1.tlog
C:\Users\Alex\Documents\GitHub\DataStructuresAlgorithmsAndApplicationsInCpp\Chapter3\Chapter3_4\Debug\link.10612.write.1.tlog
C:\Users\Alex\Documents\GitHub\DataStructuresAlgorithmsAndApplicationsInCpp\Chapter3\Chapter3_4\Debug\link.3576-cvtres.read.1.tlog
C:\Users\Alex\Documents\GitHub\DataStructuresAlgorithmsAndApplicationsInCpp\Chapter3\Chapter3_4\Debug\link.3576-cvtres.write.1.tlog
C:\Users\Alex\Documents\GitHub\DataStructuresAlgorithmsAndApplicationsInCpp\Chapter3\Chapter3_4\Debug\link.3576-rc.read.1.tlog
C:\Users\Alex\Documents\GitHub\DataStructuresAlgorithmsAndApplicationsInCpp\Chapter3\Chapter3_4\Debug\link.3576-rc.write.1.tlog
C:\Users\Alex\Documents\GitHub\DataStructuresAlgorithmsAndApplicationsInCpp\Chapter3\Chapter3_4\Debug\link.3576.read.1.tlog
C:\Users\Alex\Documents\GitHub\DataStructuresAlgorithmsAndApplicationsInCpp\Chapter3\Chapter3_4\Debug\link.3576.write.1.tlog
C:\Users\Alex\Documents\GitHub\DataStructuresAlgorithmsAndApplicationsInCpp\Chapter3\Chapter3_4\Debug\link.7748-cvtres.read.1.tlog
C:\Users\Alex\Documents\GitHub\DataStructuresAlgorithmsAndApplicationsInCpp\Chapter3\Chapter3_4\Debug\link.7748-cvtres.write.1.tlog
C:\Users\Alex\Documents\GitHub\DataStructuresAlgorithmsAndApplicationsInCpp\Chapter3\Chapter3_4\Debug\link.7748-rc.read.1.tlog
C:\Users\Alex\Documents\GitHub\DataStructuresAlgorithmsAndApplicationsInCpp\Chapter3\Chapter3_4\Debug\link.7748-rc.write.1.tlog
C:\Users\Alex\Documents\GitHub\DataStructuresAlgorithmsAndApplicationsInCpp\Chapter3\Chapter3_4\Debug\link.7748.read.1.tlog
C:\Users\Alex\Documents\GitHub\DataStructuresAlgorithmsAndApplicationsInCpp\Chapter3\Chapter3_4\Debug\link.7748.write.1.tlog
C:\Users\Alex\Documents\GitHub\DataStructuresAlgorithmsAndApplicationsInCpp\Chapter3\Chapter3_4\Debug\link.command.1.tlog
C:\Users\Alex\Documents\GitHub\DataStructuresAlgorithmsAndApplicationsInCpp\Chapter3\Chapter3_4\Debug\link.read.1.tlog
C:\Users\Alex\Documents\GitHub\DataStructuresAlgorithmsAndApplicationsInCpp\Chapter3\Chapter3_4\Debug\link.write.1.tlog
C:\Users\Alex\Documents\GitHub\DataStructuresAlgorithmsAndApplicationsInCpp\Chapter3\Chapter3_4\Debug\Chapter3_4.pch
C:\Users\Alex\Documents\GitHub\DataStructuresAlgorithmsAndApplicationsInCpp\Chapter3\Chapter3_4\Debug\vc110.idb
C:\Users\Alex\Documents\GitHub\DataStructuresAlgorithmsAndApplicationsInCpp\Chapter3\Chapter3_4\Debug\vc110.pdb
C:\Users\Alex\Documents\GitHub\DataStructuresAlgorithmsAndApplicationsInCpp\Chapter3\Debug\Chapter3_4.pdb
C:\Users\Alex\Documents\GitHub\DataStructuresAlgorithmsAndApplicationsInCpp\Chapter3\Debug\Chapter3_4.exe
C:\Users\Alex\Documents\GitHub\DataStructuresAlgorithmsAndApplicationsInCpp\Chapter3\Debug\Chapter3_4.ilk
