C:\USERS\ALEX\DOCUMENTS\GITHUB\RUMINATIONSONCPP\CHAPTER1\EXAMPLE1_3\DEBUG\EXAMPLE1_3.PCH
C:\USERS\ALEX\DOCUMENTS\GITHUB\RUMINATIONSONCPP\CHAPTER1\EXAMPLE1_3\DEBUG\STDAFX.OBJ
C:\USERS\ALEX\DOCUMENTS\GITHUB\RUMINATIONSONCPP\CHAPTER1\EXAMPLE1_3\DEBUG\VC110.PDB
C:\USERS\ALEX\DOCUMENTS\GITHUB\RUMINATIONSONCPP\CHAPTER1\EXAMPLE1_3\DEBUG\EXAMPLE1_3.OBJ
C:\USERS\ALEX\DOCUMENTS\GITHUB\RUMINATIONSONCPP\CHAPTER1\DEBUG\EXAMPLE1_3.ILK
C:\USERS\ALEX\DOCUMENTS\GITHUB\RUMINATIONSONCPP\CHAPTER1\DEBUG\EXAMPLE1_3.EXE
C:\USERS\ALEX\DOCUMENTS\GITHUB\RUMINATIONSONCPP\CHAPTER1\DEBUG\EXAMPLE1_3.PDB
C:\Users\Alex\Documents\GitHub\RuminationsOnCPP\Chapter1\Example1_3\Debug\stdafx.obj
C:\Users\Alex\Documents\GitHub\RuminationsOnCPP\Chapter1\Example1_3\Debug\cl.command.1.tlog
C:\Users\Alex\Documents\GitHub\RuminationsOnCPP\Chapter1\Example1_3\Debug\CL.read.1.tlog
C:\Users\Alex\Documents\GitHub\RuminationsOnCPP\Chapter1\Example1_3\Debug\CL.write.1.tlog
C:\Users\Alex\Documents\GitHub\RuminationsOnCPP\Chapter1\Example1_3\Debug\link-cvtres.read.1.tlog
C:\Users\Alex\Documents\GitHub\RuminationsOnCPP\Chapter1\Example1_3\Debug\link-cvtres.write.1.tlog
C:\Users\Alex\Documents\GitHub\RuminationsOnCPP\Chapter1\Example1_3\Debug\link-rc.read.1.tlog
C:\Users\Alex\Documents\GitHub\RuminationsOnCPP\Chapter1\Example1_3\Debug\link-rc.write.1.tlog
C:\Users\Alex\Documents\GitHub\RuminationsOnCPP\Chapter1\Example1_3\Debug\link.command.1.tlog
C:\Users\Alex\Documents\GitHub\RuminationsOnCPP\Chapter1\Example1_3\Debug\link.read.1.tlog
C:\Users\Alex\Documents\GitHub\RuminationsOnCPP\Chapter1\Example1_3\Debug\link.write.1.tlog
C:\Users\Alex\Documents\GitHub\RuminationsOnCPP\Chapter1\Example1_3\Debug\Example1_3.pch
C:\Users\Alex\Documents\GitHub\RuminationsOnCPP\Chapter1\Example1_3\Debug\vc110.idb
C:\Users\Alex\Documents\GitHub\RuminationsOnCPP\Chapter1\Example1_3\Debug\vc110.pdb
C:\Users\Alex\Documents\GitHub\RuminationsOnCPP\Chapter1\Debug\Example1_3.pdb
C:\Users\Alex\Documents\GitHub\RuminationsOnCPP\Chapter1\Debug\Example1_3.exe
C:\Users\Alex\Documents\GitHub\RuminationsOnCPP\Chapter1\Debug\Example1_3.ilk
