C:\USERS\ALEX\DOCUMENTS\GITHUB\RUMINATIONSONCPP\CHAPTER1\EXERCISE1_5\DEBUG\EXERCISE1_5.PCH
C:\USERS\ALEX\DOCUMENTS\GITHUB\RUMINATIONSONCPP\CHAPTER1\EXERCISE1_5\DEBUG\STDAFX.OBJ
C:\USERS\ALEX\DOCUMENTS\GITHUB\RUMINATIONSONCPP\CHAPTER1\EXERCISE1_5\DEBUG\VC110.PDB
C:\USERS\ALEX\DOCUMENTS\GITHUB\RUMINATIONSONCPP\CHAPTER1\EXERCISE1_5\DEBUG\EXERCISE1_5.OBJ
C:\USERS\ALEX\DOCUMENTS\GITHUB\RUMINATIONSONCPP\CHAPTER1\DEBUG\EXERCISE1_5.ILK
C:\USERS\ALEX\DOCUMENTS\GITHUB\RUMINATIONSONCPP\CHAPTER1\DEBUG\EXERCISE1_5.EXE
C:\USERS\ALEX\DOCUMENTS\GITHUB\RUMINATIONSONCPP\CHAPTER1\DEBUG\EXERCISE1_5.PDB
C:\Users\Alex\Documents\GitHub\RuminationsOnCPP\Chapter1\Exercise1_5\Debug\Exercise1_5.obj
C:\Users\Alex\Documents\GitHub\RuminationsOnCPP\Chapter1\Exercise1_5\Debug\stdafx.obj
C:\Users\Alex\Documents\GitHub\RuminationsOnCPP\Chapter1\Exercise1_5\Debug\cl.command.1.tlog
C:\Users\Alex\Documents\GitHub\RuminationsOnCPP\Chapter1\Exercise1_5\Debug\CL.read.1.tlog
C:\Users\Alex\Documents\GitHub\RuminationsOnCPP\Chapter1\Exercise1_5\Debug\CL.write.1.tlog
C:\Users\Alex\Documents\GitHub\RuminationsOnCPP\Chapter1\Exercise1_5\Debug\link-cvtres.read.1.tlog
C:\Users\Alex\Documents\GitHub\RuminationsOnCPP\Chapter1\Exercise1_5\Debug\link-cvtres.write.1.tlog
C:\Users\Alex\Documents\GitHub\RuminationsOnCPP\Chapter1\Exercise1_5\Debug\link-rc.read.1.tlog
C:\Users\Alex\Documents\GitHub\RuminationsOnCPP\Chapter1\Exercise1_5\Debug\link-rc.write.1.tlog
C:\Users\Alex\Documents\GitHub\RuminationsOnCPP\Chapter1\Exercise1_5\Debug\link.5500-cvtres.read.1.tlog
C:\Users\Alex\Documents\GitHub\RuminationsOnCPP\Chapter1\Exercise1_5\Debug\link.5500-cvtres.write.1.tlog
C:\Users\Alex\Documents\GitHub\RuminationsOnCPP\Chapter1\Exercise1_5\Debug\link.5500-rc.read.1.tlog
C:\Users\Alex\Documents\GitHub\RuminationsOnCPP\Chapter1\Exercise1_5\Debug\link.5500-rc.write.1.tlog
C:\Users\Alex\Documents\GitHub\RuminationsOnCPP\Chapter1\Exercise1_5\Debug\link.5500.read.1.tlog
C:\Users\Alex\Documents\GitHub\RuminationsOnCPP\Chapter1\Exercise1_5\Debug\link.5500.write.1.tlog
C:\Users\Alex\Documents\GitHub\RuminationsOnCPP\Chapter1\Exercise1_5\Debug\link.command.1.tlog
C:\Users\Alex\Documents\GitHub\RuminationsOnCPP\Chapter1\Exercise1_5\Debug\link.read.1.tlog
C:\Users\Alex\Documents\GitHub\RuminationsOnCPP\Chapter1\Exercise1_5\Debug\link.write.1.tlog
C:\Users\Alex\Documents\GitHub\RuminationsOnCPP\Chapter1\Exercise1_5\Debug\Exercise1_5.pch
C:\Users\Alex\Documents\GitHub\RuminationsOnCPP\Chapter1\Exercise1_5\Debug\vc110.idb
C:\Users\Alex\Documents\GitHub\RuminationsOnCPP\Chapter1\Exercise1_5\Debug\vc110.pdb
C:\Users\Alex\Documents\GitHub\RuminationsOnCPP\Chapter1\Debug\Exercise1_5.pdb
C:\Users\Alex\Documents\GitHub\RuminationsOnCPP\Chapter1\Debug\Exercise1_5.exe
C:\Users\Alex\Documents\GitHub\RuminationsOnCPP\Chapter1\Debug\Exercise1_5.ilk
